<?xml version="1.0" encoding="UTF-8"?>
<testsuite name="kr.ac.jejunu.UserDaoTests" tests="1" skipped="0" failures="0" errors="0" timestamp="2022-03-18T09:40:47" hostname="gimseongyus-MacBook-Pro.local" time="0.314">
  <properties/>
  <testcase name="findById()" classname="kr.ac.jejunu.UserDaoTests" time="0.314"/>
  <system-out><![CDATA[]]></system-out>
  <system-err><![CDATA[]]></system-err>
</testsuite>
