<?xml version="1.0" encoding="UTF-8"?>
<testsuite name="kr.ac.jejunu.UserDaoTests" tests="4" skipped="0" failures="0" errors="0" timestamp="2022-04-01T09:17:05" hostname="gimseongyus-MacBook-Pro.local" time="0.475">
  <properties/>
  <testcase name="delete()" classname="kr.ac.jejunu.UserDaoTests" time="0.371"/>
  <testcase name="insert()" classname="kr.ac.jejunu.UserDaoTests" time="0.039"/>
  <testcase name="update()" classname="kr.ac.jejunu.UserDaoTests" time="0.051"/>
  <testcase name="findById()" classname="kr.ac.jejunu.UserDaoTests" time="0.011"/>
  <system-out><![CDATA[]]></system-out>
  <system-err><![CDATA[]]></system-err>
</testsuite>
