<?xml version="1.0" encoding="UTF-8"?>
<testsuite name="kr.ac.jejunu.UserDaoTests" tests="4" skipped="0" failures="0" errors="0" timestamp="2022-04-08T08:28:26" hostname="gimseongyus-MacBook-Pro.local" time="0.639">
  <properties/>
  <testcase name="delete()" classname="kr.ac.jejunu.UserDaoTests" time="0.523"/>
  <testcase name="insert()" classname="kr.ac.jejunu.UserDaoTests" time="0.052"/>
  <testcase name="update()" classname="kr.ac.jejunu.UserDaoTests" time="0.048"/>
  <testcase name="findById()" classname="kr.ac.jejunu.UserDaoTests" time="0.013"/>
  <system-out><![CDATA[]]></system-out>
  <system-err><![CDATA[]]></system-err>
</testsuite>
