<?xml version="1.0" encoding="UTF-8"?>
<testsuite name="kr.ac.jejunu.UserDaoTests" tests="3" skipped="0" failures="0" errors="0" timestamp="2022-04-01T09:09:40" hostname="gimseongyus-MacBook-Pro.local" time="0.395">
  <properties/>
  <testcase name="insert()" classname="kr.ac.jejunu.UserDaoTests" time="0.327"/>
  <testcase name="update()" classname="kr.ac.jejunu.UserDaoTests" time="0.051"/>
  <testcase name="findById()" classname="kr.ac.jejunu.UserDaoTests" time="0.016"/>
  <system-out><![CDATA[]]></system-out>
  <system-err><![CDATA[]]></system-err>
</testsuite>
