<?xml version="1.0" encoding="UTF-8"?>
<testsuite name="kr.ac.jejunu.UserDaoTests" tests="2" skipped="0" failures="0" errors="0" timestamp="2022-04-01T08:26:00" hostname="gimseongyus-MacBook-Pro.local" time="0.347">
  <properties/>
  <testcase name="insert()" classname="kr.ac.jejunu.UserDaoTests" time="0.329"/>
  <testcase name="findById()" classname="kr.ac.jejunu.UserDaoTests" time="0.017"/>
  <system-out><![CDATA[]]></system-out>
  <system-err><![CDATA[]]></system-err>
</testsuite>
